<?xml version="1.0" encoding="UTF-8"?>
<!-- Generated by org.testng.reporters.JUnitReportReporter -->
<testsuite skipped="0" hostname="DESKTOP-TANN8M0" name="ExtentReport.ExtentReportDemo" tests="1" failures="0" timestamp="2022-03-22T20:49:24 PDT" time="4.040" errors="0">
  <testcase name="initialDemo" time="4.040" classname="ExtentReport.ExtentReportDemo"/>
  <system-out/>
</testsuite> <!-- ExtentReport.ExtentReportDemo -->
